-------------------------------------------------------------------------------
Test set: desafio16.model.AtividadeAtendimentoTest
-------------------------------------------------------------------------------
Tests run: 3, Failures: 0, Errors: 3, Skipped: 0, Time elapsed: 0.003 s <<< FAILURE! -- in desafio16.model.AtividadeAtendimentoTest
desafio16.model.AtividadeAtendimentoTest.deveLancarExcecaoParaExecutadoMaiorQueEstimado -- Time elapsed: 0.001 s <<< ERROR!
java.lang.Error: 
Unresolved compilation problems: 
	The import main cannot be resolved
	AtividadeAtendimento cannot be resolved to a type
	AtividadeAtendimento cannot be resolved to a type
	AtividadeAtendimento cannot be resolved to a type
	AtividadeAtendimento cannot be resolved to a type

	at desafio16.model.AtividadeAtendimentoTest.<init>(AtividadeAtendimentoTest.java:8)
	at java.base/java.lang.reflect.Constructor.newInstanceWithCaller(Constructor.java:500)
	at java.base/java.lang.reflect.Constructor.newInstance(Constructor.java:481)
	at java.base/java.util.Optional.orElseGet(Optional.java:364)
	at java.base/java.util.ArrayList.forEach(ArrayList.java:1511)
	at java.base/java.util.ArrayList.forEach(ArrayList.java:1511)

desafio16.model.AtividadeAtendimentoTest.deveCriarAtividadeValida -- Time elapsed: 0 s <<< ERROR!
java.lang.Error: 
Unresolved compilation problems: 
	The import main cannot be resolved
	AtividadeAtendimento cannot be resolved to a type
	AtividadeAtendimento cannot be resolved to a type
	AtividadeAtendimento cannot be resolved to a type
	AtividadeAtendimento cannot be resolved to a type

	at desafio16.model.AtividadeAtendimentoTest.<init>(AtividadeAtendimentoTest.java:8)
	at java.base/java.lang.reflect.Constructor.newInstanceWithCaller(Constructor.java:500)
	at java.base/java.lang.reflect.Constructor.newInstance(Constructor.java:481)
	at java.base/java.util.Optional.orElseGet(Optional.java:364)
	at java.base/java.util.ArrayList.forEach(ArrayList.java:1511)
	at java.base/java.util.ArrayList.forEach(ArrayList.java:1511)

desafio16.model.AtividadeAtendimentoTest.deveLancarExcecaoParaEstimadoInvalido -- Time elapsed: 0.001 s <<< ERROR!
java.lang.Error: 
Unresolved compilation problems: 
	The import main cannot be resolved
	AtividadeAtendimento cannot be resolved to a type
	AtividadeAtendimento cannot be resolved to a type
	AtividadeAtendimento cannot be resolved to a type
	AtividadeAtendimento cannot be resolved to a type

	at desafio16.model.AtividadeAtendimentoTest.<init>(AtividadeAtendimentoTest.java:8)
	at java.base/java.lang.reflect.Constructor.newInstanceWithCaller(Constructor.java:500)
	at java.base/java.lang.reflect.Constructor.newInstance(Constructor.java:481)
	at java.base/java.util.Optional.orElseGet(Optional.java:364)
	at java.base/java.util.ArrayList.forEach(ArrayList.java:1511)
	at java.base/java.util.ArrayList.forEach(ArrayList.java:1511)

