<?xml version="1.0" encoding="UTF-8"?>
<testsuite xmlns:xsi="http://www.w3.org/2001/XMLSchema-instance" xsi:noNamespaceSchemaLocation="https://maven.apache.org/surefire/maven-surefire-plugin/xsd/surefire-test-report.xsd" version="3.0.1" name="desafio16.model.AtividadeAtendimentoTest" time="0.003" tests="3" errors="3" skipped="0" failures="0">
  <properties>
[...]
</properties>
  <testcase name="deveLancarExcecaoParaExecutadoMaiorQueEstimado" classname="desafio16.model.AtividadeAtendimentoTest" time="0.001">
    <error message="Unresolved compilation problems: &#10;	The import main cannot be resolved&#10;	AtividadeAtendimento cannot be resolved to a type&#10;	AtividadeAtendimento cannot be resolved to a type&#10;	AtividadeAtendimento cannot be resolved to a type&#10;	AtividadeAtendimento cannot be resolved to a type&#10;" type="java.lang.Error"><![CDATA[java.lang.Error: 
Unresolved compilation problems: 
	The import main cannot be resolved
	AtividadeAtendimento cannot be resolved to a type
	AtividadeAtendimento cannot be resolved to a type
	AtividadeAtendimento cannot be resolved to a type
	AtividadeAtendimento cannot be resolved to a type

	at desafio16.model.AtividadeAtendimentoTest.<init>(AtividadeAtendimentoTest.java:8)
	at java.base/java.lang.reflect.Constructor.newInstanceWithCaller(Constructor.java:500)
	at java.base/java.lang.reflect.Constructor.newInstance(Constructor.java:481)
	at java.base/java.util.Optional.orElseGet(Optional.java:364)
	at java.base/java.util.ArrayList.forEach(ArrayList.java:1511)
	at java.base/java.util.ArrayList.forEach(ArrayList.java:1511)
]]></error>
  </testcase>
  <testcase name="deveCriarAtividadeValida" classname="desafio16.model.AtividadeAtendimentoTest" time="0.0">
    <error message="Unresolved compilation problems: &#10;	The import main cannot be resolved&#10;	AtividadeAtendimento cannot be resolved to a type&#10;	AtividadeAtendimento cannot be resolved to a type&#10;	AtividadeAtendimento cannot be resolved to a type&#10;	AtividadeAtendimento cannot be resolved to a type&#10;" type="java.lang.Error"><![CDATA[java.lang.Error: 
Unresolved compilation problems: 
	The import main cannot be resolved
	AtividadeAtendimento cannot be resolved to a type
	AtividadeAtendimento cannot be resolved to a type
	AtividadeAtendimento cannot be resolved to a type
	AtividadeAtendimento cannot be resolved to a type

	at desafio16.model.AtividadeAtendimentoTest.<init>(AtividadeAtendimentoTest.java:8)
	at java.base/java.lang.reflect.Constructor.newInstanceWithCaller(Constructor.java:500)
	at java.base/java.lang.reflect.Constructor.newInstance(Constructor.java:481)
	at java.base/java.util.Optional.orElseGet(Optional.java:364)
	at java.base/java.util.ArrayList.forEach(ArrayList.java:1511)
	at java.base/java.util.ArrayList.forEach(ArrayList.java:1511)
]]></error>
  </testcase>
  <testcase name="deveLancarExcecaoParaEstimadoInvalido" classname="desafio16.model.AtividadeAtendimentoTest" time="0.001">
    <error message="Unresolved compilation problems: &#10;	The import main cannot be resolved&#10;	AtividadeAtendimento cannot be resolved to a type&#10;	AtividadeAtendimento cannot be resolved to a type&#10;	AtividadeAtendimento cannot be resolved to a type&#10;	AtividadeAtendimento cannot be resolved to a type&#10;" type="java.lang.Error"><![CDATA[java.lang.Error: 
Unresolved compilation problems: 
	The import main cannot be resolved
	AtividadeAtendimento cannot be resolved to a type
	AtividadeAtendimento cannot be resolved to a type
	AtividadeAtendimento cannot be resolved to a type
	AtividadeAtendimento cannot be resolved to a type

	at desafio16.model.AtividadeAtendimentoTest.<init>(AtividadeAtendimentoTest.java:8)
	at java.base/java.lang.reflect.Constructor.newInstanceWithCaller(Constructor.java:500)
	at java.base/java.lang.reflect.Constructor.newInstance(Constructor.java:481)
	at java.base/java.util.Optional.orElseGet(Optional.java:364)
	at java.base/java.util.ArrayList.forEach(ArrayList.java:1511)
	at java.base/java.util.ArrayList.forEach(ArrayList.java:1511)
]]></error>
  </testcase>
</testsuite>