<?xml version="1.0" encoding="UTF-8"?>
<testsuite xmlns:xsi="http://www.w3.org/2001/XMLSchema-instance" xsi:noNamespaceSchemaLocation="https://maven.apache.org/surefire/maven-surefire-plugin/xsd/surefire-test-report.xsd" version="3.0.1" name="desafio16.model.AtividadeAtendimentoTest" time="0.007" tests="3" errors="0" skipped="0" failures="1">
  <properties>
[...]
</properties>
  <testcase name="deveLancarExcecaoParaExecutadoMaiorQueEstimado" classname="desafio16.model.AtividadeAtendimentoTest" time="0.002">
    <system-out><![CDATA[O tempo de execução não pode ser maior que o tempo estimado.
]]></system-out>
  </testcase>
  <testcase name="deveCriarAtividadeValida" classname="desafio16.model.AtividadeAtendimentoTest" time="0.0"/>
  <testcase name="deveLancarExcecaoParaEstimadoInvalido" classname="desafio16.model.AtividadeAtendimentoTest" time="0.002">
    <failure message="Expected java.lang.IllegalArgumentException to be thrown, but nothing was thrown." type="org.opentest4j.AssertionFailedError"><![CDATA[org.opentest4j.AssertionFailedError: Expected java.lang.IllegalArgumentException to be thrown, but nothing was thrown.
	at org.junit.jupiter.api.AssertionFailureBuilder.build(AssertionFailureBuilder.java:152)
	at org.junit.jupiter.api.AssertThrows.assertThrows(AssertThrows.java:73)
	at org.junit.jupiter.api.AssertThrows.assertThrows(AssertThrows.java:35)
	at org.junit.jupiter.api.Assertions.assertThrows(Assertions.java:3128)
	at desafio16.model.AtividadeAtendimentoTest.deveLancarExcecaoParaEstimadoInvalido(AtividadeAtendimentoTest.java:19)
	at java.base/java.lang.reflect.Method.invoke(Method.java:569)
	at java.base/java.util.ArrayList.forEach(ArrayList.java:1511)
	at java.base/java.util.ArrayList.forEach(ArrayList.java:1511)
]]></failure>
  </testcase>
</testsuite>